usage: train.py [-h] [--batchSize BATCHSIZE] [--cropSize CROPSIZE]
                [--nEpochs NEPOCHS] [--start_epoch START_EPOCH]
                [--snapshots SNAPSHOTS] [--lr LR] [--seed SEED]
                [--gpu_mode GPU_MODE] [--shuffle SHUFFLE] [--threads THREADS]
                [--cos_restart_cyclic COS_RESTART_CYCLIC]
                [--cos_restart COS_RESTART] [--warmup_epochs WARMUP_EPOCHS]
                [--start_warmup START_WARMUP]
                [--data_train_lol_blur DATA_TRAIN_LOL_BLUR]
                [--data_train_lol_v1 DATA_TRAIN_LOL_V1]
                [--data_train_lolv2_real DATA_TRAIN_LOLV2_REAL]
                [--data_train_lolv2_syn DATA_TRAIN_LOLV2_SYN]
                [--data_train_SID DATA_TRAIN_SID]
                [--data_train_SICE DATA_TRAIN_SICE]
                [--data_train_fivek DATA_TRAIN_FIVEK]
                [--data_val_lol_blur DATA_VAL_LOL_BLUR]
                [--data_val_lol_v1 DATA_VAL_LOL_V1]
                [--data_val_lolv2_real DATA_VAL_LOLV2_REAL]
                [--data_val_lolv2_syn DATA_VAL_LOLV2_SYN]
                [--data_val_SID DATA_VAL_SID]
                [--data_val_SICE_mix DATA_VAL_SICE_MIX]
                [--data_val_SICE_grad DATA_VAL_SICE_GRAD]
                [--data_test_fivek DATA_TEST_FIVEK]
                [--data_valgt_lol_blur DATA_VALGT_LOL_BLUR]
                [--data_valgt_lol_v1 DATA_VALGT_LOL_V1]
                [--data_valgt_lolv2_real DATA_VALGT_LOLV2_REAL]
                [--data_valgt_lolv2_syn DATA_VALGT_LOLV2_SYN]
                [--data_valgt_SID DATA_VALGT_SID]
                [--data_valgt_SICE_mix DATA_VALGT_SICE_MIX]
                [--data_valgt_SICE_grad DATA_VALGT_SICE_GRAD]
                [--data_valgt_fivek DATA_VALGT_FIVEK]
                [--val_folder VAL_FOLDER] [--HVI_weight HVI_WEIGHT]
                [--L1_weight L1_WEIGHT] [--D_weight D_WEIGHT]
                [--E_weight E_WEIGHT] [--P_weight P_WEIGHT] [--gamma GAMMA]
                [--start_gamma START_GAMMA] [--end_gamma END_GAMMA]
                [--grad_detect GRAD_DETECT] [--grad_clip GRAD_CLIP]
                [--hdp_dim HDP_DIM] [--hdp_ortho_weight HDP_ORTHO_WEIGHT]
                [--hdp_invariance_weight HDP_INVARIANCE_WEIGHT]
                [--hdp_recon_weight HDP_RECON_WEIGHT]
                [--dataset {lol_v1,lolv2_real,lolv2_syn,lol_blur,SID,SICE_mix,SICE_grad,fivek}]
train.py: error: unrecognized arguments: CIDNET_USE_DP=1
